1590127303 | index.php | /index.php
1590127321 | index.php | /index.php?id=log
1590127343 | index.php?id=log | /index.php
1590127343 | index.php | /index.php?id=contact
1590127344 | index.php?id=contact | /index.php?id=about
1590127344 | index.php?id=about | /index.php?id=log
1590127391 | index.php?id=about | /index.php?id=log
1590127415 | index.php | /index.php
1590168812 | index.php?id=gbook | /index.php?id=info
1590168814 | index.php?id=info | /index.php?id=about
1590168815 | index.php?id=about | /index.php?id=info
1590168815 | index.php?id=info | /index.php?id=gbook
1590168816 | index.php?id=gbook | /index.php?id=log
1590168817 | index.php?id=log | /index.php?id=gbook
1590168817 | index.php?id=gbook | /index.php?id=info
1590168818 | index.php?id=info | /index.php?id=log
1590168832 |  | /
1590168834 | mysite.local | /index.php?id=log
1590168834 | index.php?id=log | /index.php?id=log
1590168835 | index.php?id=log | /index.php?id=log
1590168835 | index.php?id=log | /index.php?id=log
1590169368 | index.php?id=log | /index.php?id=gbook
1590169376 | index.php?id=gbook | /index.php?id=gbook
1590420029 |  | /
1590420054 |  | /
1590420232 |  | /
1590420232 |  | /
1590421877 |  | /
